Arguments: 
  /Users/jack/.nvm/versions/node/v8.9.0/bin/node /Users/jack/.yarn/bin/yarn.js add -D css-loader cssnano cssstats file-loader node-sass postcss-cli postcss-cssnext postcss-custom-media postcss-import postcss-loader postcss-reporter postcss-scss postcss-stats-reporter precss style-loader

PATH: 
  /Users/jack/.yarn/bin:/Users/jack/.nvm/versions/node/v8.9.0/bin:/usr/local/bin:/usr/bin:/bin:/usr/sbin:/sbin

Yarn version: 
  1.3.2

Node version: 
  8.9.0

Platform: 
  darwin x64

npm manifest: 
  {
    "name": "postcss-font-base64",
    "version": "1.0.4",
    "description": "this postcss plugin will export a font face defined by base64 encoded string",
    "main": "build/index.js",
    "scripts": {
      "build": "babel src -d build",
      "build:watch": "watch 'yarn run build' src",
      "test": "jest",
      "test:watch": "npm test -- --watch",
      "example": "postcss example/before.css --output example/after.css",
      "example:watch": "postcss ./example/before.css --output ./example/after.css --watch",
      "prepublish": "npm run test",
      "publish": "npm run build",
      "postpublish": "npm run example"
    },
    "repository": {
      "type": "git",
      "url": "git+https://github.com/ckarlbe/postcss-font-base64.git"
    },
    "keywords": [
      "base64",
      "postcss",
      "plugin",
      "font"
    ],
    "author": "K.Berg",
    "license": "ISC",
    "bugs": {
      "url": "https://github.com/ckarlbe/postcss-font-base64/issues"
    },
    "homepage": "https://github.com/ckarlbe/postcss-font-base64#readme",
    "devDependencies": {
      "babel": "^6.23.0",
      "babel-cli": "^6.24.1",
      "babel-preset-latest": "^6.24.1",
      "cli": "^1.0.1",
      "jest": "^20.0.1",
      "watch": "^1.0.2"
    },
    "dependencies": {}
  }

yarn manifest: 
  No manifest

Lockfile: 
  No lockfile

Trace: 
  SyntaxError: /Users/jack/Library/Caches/Yarn/v1/npm-postcss-simple-vars-4.1.0-043248cfef8d3f51b3486a28c09f8375dbf1b2f9/.yarn-metadata.json: Unexpected end of JSON input
      at JSON.parse (<anonymous>)
      at /Users/jack/.yarn/lib/cli.js:770:59
      at Generator.next (<anonymous>)
      at step (/Users/jack/.yarn/lib/cli.js:92:30)
      at /Users/jack/.yarn/lib/cli.js:103:13
      at <anonymous>
